<?xml version="1.0" encoding="utf-8"?><testsuites name="pytest tests"><testsuite name="pytest" errors="0" failures="0" skipped="0" tests="18" time="1.650" timestamp="2026-08-27T08:44:26.272908+00:00" hostname="agent-env-3797d746-1ebe-4f07-abaf-059a9e46bbb5"><testcase classname="tests.backend_test.TestLeadCreation" name="test_create_lead_success" time="0.362" /><testcase classname="tests.backend_test.TestLeadCreation" name="test_create_lead_persists_and_retrievable_by_admin" time="0.159" /><testcase classname="tests.backend_test.TestPatchLead" name="test_patch_requires_token" time="0.451" /><testcase classname="tests.backend_test.TestPatchLead" name="test_patch_wrong_token" time="0.066" /><testcase classname="tests.backend_test.TestPatchLead" name="test_patch_toggle_new_to_processed_and_back" time="0.236" /><testcase classname="tests.backend_test.TestLeadCreation" name="test_create_lead_all_services_valid" time="0.333" /><testcase classname="tests.backend_test.TestPatchLead" name="test_patch_nonexistent_id" time="0.072" /><testcase classname="tests.backend_test.TestPatchLead" name="test_patch_invalid_status" time="0.072" /><testcase classname="tests.backend_test.TestLeadCreation" name="test_reject_empty_name" time="0.081" /><testcase classname="tests.backend_test.TestHealthAndOpenAPI" name="test_openapi_available" time="0.071" /><testcase classname="tests.backend_test.TestLeadCreation" name="test_reject_whitespace_only_name" time="0.078" /><testcase classname="tests.backend_test.TestHealthAndOpenAPI" name="test_health" time="0.068" /><testcase classname="tests.backend_test.TestLeadCreation" name="test_reject_short_phone" time="0.081" /><testcase classname="tests.backend_test.TestHealthAndOpenAPI" name="test_root" time="0.067" /><testcase classname="tests.backend_test.TestLeadCreation" name="test_reject_invalid_service" time="0.043" /><testcase classname="tests.backend_test.TestListLeads" name="test_list_requires_token" time="0.067" /><testcase classname="tests.backend_test.TestListLeads" name="test_list_wrong_token" time="0.070" /><testcase classname="tests.backend_test.TestListLeads" name="test_list_correct_token" time="0.076" /></testsuite></testsuites>