<?xml version="1.0" encoding="utf-8"?><testsuites name="pytest tests"><testsuite name="pytest" errors="0" failures="0" skipped="0" tests="26" time="2.755" timestamp="2026-09-02T15:37:45.639135+00:00" hostname="agent-env-3797d746-1ebe-4f07-abaf-059a9e46bbb5"><testcase classname="tests.backend_test.TestLeadCreation" name="test_create_lead_success" time="0.229" /><testcase classname="tests.backend_test.TestLeadCreation" name="test_create_lead_persists_and_retrievable_by_admin" time="0.216" /><testcase classname="tests.backend_test.TestPatchLead" name="test_patch_requires_token" time="0.389" /><testcase classname="tests.backend_test.TestPatchLead" name="test_patch_wrong_token" time="0.085" /><testcase classname="tests.backend_test.TestLeadCreation" name="test_create_lead_all_services_valid" time="0.391" /><testcase classname="tests.backend_test.TestPatchLead" name="test_patch_toggle_new_to_processed_and_back" time="0.232" /><testcase classname="tests.backend_test.TestPatchLead" name="test_patch_nonexistent_id" time="0.061" /><testcase classname="tests.backend_test.TestPatchLead" name="test_patch_invalid_status" time="0.066" /><testcase classname="tests.backend_test.TestHealthAndOpenAPI" name="test_openapi_available" time="0.092" /><testcase classname="tests.backend_test.TestLeadCreation" name="test_reject_empty_name" time="0.053" /><testcase classname="tests.backend_test.TestLeadCreation" name="test_reject_whitespace_only_name" time="0.066" /><testcase classname="tests.backend_test.TestHealthAndOpenAPI" name="test_health" time="0.087" /><testcase classname="tests.backend_test.TestLeadCreation" name="test_reject_short_phone" time="0.104" /><testcase classname="tests.backend_test.TestHealthAndOpenAPI" name="test_root" time="0.077" /><testcase classname="tests.backend_test.TestLeadCreation" name="test_reject_invalid_service" time="0.064" /><testcase classname="tests.backend_test.TestListLeads" name="test_list_requires_token" time="0.080" /><testcase classname="tests.test_yandex_verification.TestYandexFile" name="test_file_served_200_with_verification_substring" time="0.178" /><testcase classname="tests.backend_test.TestListLeads" name="test_list_wrong_token" time="0.081" /><testcase classname="tests.backend_test.TestListLeads" name="test_list_correct_token" time="0.056" /><testcase classname="tests.test_yandex_verification.TestYandexFile" name="test_file_is_not_spa_fallback" time="0.116" /><testcase classname="tests.test_yandex_verification.TestRegression" name="test_admin_route_loads" time="0.149" /><testcase classname="tests.test_yandex_verification.TestYandexFile" name="test_wrong_code_file_is_not_served_as_verification" time="0.090" /><testcase classname="tests.test_yandex_verification.TestRegression" name="test_api_health" time="0.074" /><testcase classname="tests.test_yandex_verification.TestIndexMeta" name="test_root_contains_yandex_meta" time="0.093" /><testcase classname="tests.test_yandex_verification.TestRegression" name="test_lead_create_and_cleanup" time="0.871" /><testcase classname="tests.test_yandex_verification.TestIndexMeta" name="test_root_still_contains_google_meta" time="0.747" /></testsuite></testsuites>